----------------------------------------------------------------
Mon Mar 12 10:06:02 PDT 2018:
Booting Derby version The Apache Software Foundation - Apache Derby - 10.11.1.1 - (1616546): instance a816c00e-0162-1b2d-15fa-0000289c2a30 
on database directory /tmp/spark-67c5fafc-a13f-487b-9c57-c4e0abd87b9a/metastore with class loader sun.misc.Launcher$AppClassLoader@7d487b8b 
Loaded from file:/usr/lib/hive/lib/derby-10.11.1.1.jar
java.vendor=Oracle Corporation
java.runtime.version=1.7.0_67-b01
user.dir=/home/cloudera/Study/cca_probalems/Teat_12_March
os.name=Linux
os.arch=amd64
os.version=2.6.32-573.el6.x86_64
derby.system.home=null
Database Class Loader started - derby.database.classpath=''
----------------------------------------------------------------
Mon Mar 12 10:07:02 PDT 2018:
Booting Derby version The Apache Software Foundation - Apache Derby - 10.11.1.1 - (1616546): instance da248395-0162-1b2d-15fa-0000289c2a30 
on database directory /tmp/spark-9d1a0033-eb86-4b7a-8cf6-d7188badfc0c/metastore with class loader sun.misc.Launcher$AppClassLoader@7d487b8b 
Loaded from file:/usr/lib/hive/lib/derby-10.11.1.1.jar
java.vendor=Oracle Corporation
java.runtime.version=1.7.0_67-b01
user.dir=/home/cloudera/Study/cca_probalems/Teat_12_March
os.name=Linux
os.arch=amd64
os.version=2.6.32-573.el6.x86_64
derby.system.home=null
Database Class Loader started - derby.database.classpath=''
